<?xml version="1.0" encoding="UTF-8"?>
<testng-results skipped="0" failed="0" total="1" passed="1">
  <reporter-output>
  </reporter-output>
  <suite name="Default suite" duration-ms="356" started-at="2020-04-30T11:30:34Z" finished-at="2020-04-30T11:30:34Z">
    <groups>
      <group name="cucumber">
        <method signature="AbstractTestNGCucumberTests.feature(cucumber.api.testng.CucumberFeatureWrapper)[pri:0, instance:com.evonsys.citi.runnerClasses.HCM_LoginRunner@402f32ff]" name="feature" class="cucumber.api.testng.AbstractTestNGCucumberTests"/>
      </group> <!-- cucumber -->
    </groups>
    <test name="Default test" duration-ms="356" started-at="2020-04-30T11:30:34Z" finished-at="2020-04-30T11:30:34Z">
      <class name="com.evonsys.citi.runnerClasses.HCM_LoginRunner">
        <test-method status="PASS" signature="setUpClass()[pri:0, instance:com.evonsys.citi.runnerClasses.HCM_LoginRunner@402f32ff]" name="setUpClass" is-config="true" duration-ms="254" started-at="2020-04-30T17:00:34Z" finished-at="2020-04-30T17:00:34Z">
          <reporter-output>
          </reporter-output>
        </test-method> <!-- setUpClass -->
        <test-method status="PASS" signature="feature(cucumber.api.testng.CucumberFeatureWrapper)[pri:0, instance:com.evonsys.citi.runnerClasses.HCM_LoginRunner@402f32ff]" name="feature" duration-ms="6" started-at="2020-04-30T17:00:34Z" description="Runs Cucumber Feature" data-provider="features" finished-at="2020-04-30T17:00:34Z">
          <params>
            <param index="0">
              <value>
                <![CDATA[HCM_Login to application]]>
              </value>
            </param>
          </params>
          <reporter-output>
          </reporter-output>
        </test-method> <!-- feature -->
        <test-method status="PASS" signature="tearDownClass()[pri:0, instance:com.evonsys.citi.runnerClasses.HCM_LoginRunner@402f32ff]" name="tearDownClass" is-config="true" duration-ms="13" started-at="2020-04-30T17:00:34Z" finished-at="2020-04-30T17:00:34Z">
          <reporter-output>
          </reporter-output>
        </test-method> <!-- tearDownClass -->
      </class> <!-- com.evonsys.citi.runnerClasses.HCM_LoginRunner -->
    </test> <!-- Default test -->
  </suite> <!-- Default suite -->
</testng-results>
