<?xml version="1.0" encoding="UTF-8"?>
<!-- Generated by org.testng.reporters.JUnitXMLReporter -->
<testsuite hostname="ES-IN-L0077" name="Test" tests="5" failures="0" timestamp="27 Apr 2020 06:19:59 GMT" time="139.751" errors="0">
  <testcase name="invalidLogin" time="2.302" classname="testng.InvalidLoginCredientials"/>
  <testcase name="loginPage" time="8.227" classname="testng.HCM_Login"/>
  <testcase name="HomePage" time="8.346" classname="testng.HCM_Login"/>
  <testcase name="navigateTabs" time="52.812" classname="testng.HCM_Login"/>
  <testcase name="createServiceRequest" time="51.572" classname="testng.HCM_Login"/>
</testsuite> <!-- Test -->
