<?xml version="1.0" encoding="UTF-8"?>
<!-- Generated by org.testng.reporters.JUnitXMLReporter -->
<testsuite hostname="ES-IN-L0077" name="B" tests="1" failures="1" timestamp="28 Mar 2020 04:26:06 GMT" time="10.616" errors="0">
  <testcase name="testoginB" time="0.002" classname="com.evonsys.citi.utils.B">
    <failure type="junit.framework.AssertionFailedError">
      <![CDATA[junit.framework.AssertionFailedError
	at junit.framework.Assert.fail(Assert.java:47)
	at junit.framework.Assert.assertTrue(Assert.java:20)
	at junit.framework.Assert.assertTrue(Assert.java:27)
	at com.evonsys.citi.utils.B.testoginB(B.java:18)
... Removed 24 stack frames]]>
    </failure>
  </testcase> <!-- testoginB -->
</testsuite> <!-- B -->
