<?xml version="1.0" encoding="UTF-8"?>
<!-- Generated by org.testng.reporters.JUnitXMLReporter -->
<testsuite hostname="ES-IN-L0077" name="ThirdTest" tests="1" failures="1" timestamp="27 Mar 2020 14:16:15 GMT" time="0.005" errors="0">
  <testcase name="testoginC" time="0.001" classname="com.evonsys.citi.utils.C">
    <failure type="junit.framework.AssertionFailedError">
      <![CDATA[junit.framework.AssertionFailedError
	at junit.framework.Assert.fail(Assert.java:47)
	at junit.framework.Assert.assertTrue(Assert.java:20)
	at junit.framework.Assert.assertTrue(Assert.java:27)
	at com.evonsys.citi.utils.C.testoginC(C.java:16)
... Removed 24 stack frames]]>
    </failure>
  </testcase> <!-- testoginC -->
</testsuite> <!-- ThirdTest -->
